<?xml version="1.0" encoding="UTF-8"?>
<robot generator="Robot 6.0.2 (Python 3.11.1 on win32)" generated="20230119 16:36:43.577" rpa="false" schemaversion="3">
<suite id="s1" name="Konia Testes" source="C:\_git\Robot-Framework\konia_testes.robot">
<test id="s1-t1" name="Caso de Teste 01 - Acesso ao menu &quot;Quem Somos&quot;" line="7">
<kw name="Abrir o navegador" library="konia_resources" type="SETUP">
<kw name="Open Browser" library="SeleniumLibrary">
<arg>browser=edge</arg>
<doc>Opens a new browser instance to the optional ``url``.</doc>
<msg timestamp="20230119 16:36:43.883" level="INFO">Opening browser 'edge' to base url 'None'.</msg>
<status status="PASS" starttime="20230119 16:36:43.883" endtime="20230119 16:36:45.238"/>
</kw>
<kw name="Maximize Browser Window" library="SeleniumLibrary">
<doc>Maximizes current browser window.</doc>
<status status="PASS" starttime="20230119 16:36:45.239" endtime="20230119 16:36:45.374"/>
</kw>
<status status="PASS" starttime="20230119 16:36:43.882" endtime="20230119 16:36:45.375"/>
</kw>
<kw name="Dado que o usuário esteja na página home page da Konia.com.br" library="konia_resources">
<kw name="Go To" library="SeleniumLibrary">
<arg>url=${URL}</arg>
<doc>Navigates the current browser window to the provided ``url``.</doc>
<msg timestamp="20230119 16:36:45.376" level="INFO">Opening url 'https://konia.com.br'</msg>
<status status="PASS" starttime="20230119 16:36:45.376" endtime="20230119 16:36:47.476"/>
</kw>
<kw name="Sleep" library="BuiltIn">
<arg>3s</arg>
<doc>Pauses the test executed for the given time.</doc>
<msg timestamp="20230119 16:36:50.478" level="INFO">Slept 3 seconds</msg>
<status status="PASS" starttime="20230119 16:36:47.476" endtime="20230119 16:36:50.478"/>
</kw>
<kw name="Capture Page Screenshot" library="SeleniumLibrary">
<doc>Takes a screenshot of the current page and embeds it into a log file.</doc>
<msg timestamp="20230119 16:36:50.795" level="INFO" html="true">&lt;/td&gt;&lt;/tr&gt;&lt;tr&gt;&lt;td colspan="3"&gt;&lt;a href="selenium-screenshot-1.png"&gt;&lt;img src="selenium-screenshot-1.png" width="800px"&gt;&lt;/a&gt;</msg>
<status status="PASS" starttime="20230119 16:36:50.478" endtime="20230119 16:36:50.796"/>
</kw>
<status status="PASS" starttime="20230119 16:36:45.376" endtime="20230119 16:36:50.796"/>
</kw>
<kw name="Quando ele clicar no menu &quot;quem Somos&quot;" library="konia_resources">
<kw name="Click Element" library="SeleniumLibrary">
<arg>locator=${MENU_QUEM_SOMOS}</arg>
<doc>Click the element identified by ``locator``.</doc>
<msg timestamp="20230119 16:36:50.798" level="INFO">Clicking element '(//a[@href='https://konia.com.br/quem-somos/'][contains(.,'Quem Somos')])[1]'.</msg>
<status status="PASS" starttime="20230119 16:36:50.797" endtime="20230119 16:36:51.741"/>
</kw>
<kw name="Sleep" library="BuiltIn">
<arg>3s</arg>
<doc>Pauses the test executed for the given time.</doc>
<msg timestamp="20230119 16:36:54.741" level="INFO">Slept 3 seconds</msg>
<status status="PASS" starttime="20230119 16:36:51.741" endtime="20230119 16:36:54.741"/>
</kw>
<status status="PASS" starttime="20230119 16:36:50.796" endtime="20230119 16:36:54.741"/>
</kw>
<kw name="Então o título da página deverá ser &quot;Quem Somos » Konia Consultoria e Informática&quot;" library="konia_resources">
<kw name="Wait Until Page Contains" library="SeleniumLibrary">
<arg>text=${TITLE_QUEM_SOMOS}</arg>
<doc>Waits until ``text`` appears on the current page.</doc>
<status status="PASS" starttime="20230119 16:36:54.742" endtime="20230119 16:36:54.758"/>
</kw>
<status status="PASS" starttime="20230119 16:36:54.741" endtime="20230119 16:36:54.758"/>
</kw>
<kw name="Fechar o navegador" library="konia_resources" type="TEARDOWN">
<kw name="Capture Page Screenshot" library="SeleniumLibrary">
<doc>Takes a screenshot of the current page and embeds it into a log file.</doc>
<msg timestamp="20230119 16:36:54.980" level="INFO" html="true">&lt;/td&gt;&lt;/tr&gt;&lt;tr&gt;&lt;td colspan="3"&gt;&lt;a href="selenium-screenshot-2.png"&gt;&lt;img src="selenium-screenshot-2.png" width="800px"&gt;&lt;/a&gt;</msg>
<status status="PASS" starttime="20230119 16:36:54.760" endtime="20230119 16:36:54.980"/>
</kw>
<kw name="Close Browser" library="SeleniumLibrary">
<doc>Closes the current browser.</doc>
<status status="PASS" starttime="20230119 16:36:54.980" endtime="20230119 16:36:57.219"/>
</kw>
<status status="PASS" starttime="20230119 16:36:54.759" endtime="20230119 16:36:57.219"/>
</kw>
<tag>menus</tag>
<status status="PASS" starttime="20230119 16:36:43.882" endtime="20230119 16:36:57.219"/>
</test>
<test id="s1-t2" name="Caso de Teste 02 - Pesquisar sobre o artigo JMeter" line="13">
<kw name="Abrir o navegador" library="konia_resources" type="SETUP">
<kw name="Open Browser" library="SeleniumLibrary">
<arg>browser=edge</arg>
<doc>Opens a new browser instance to the optional ``url``.</doc>
<msg timestamp="20230119 16:36:57.223" level="INFO">Opening browser 'edge' to base url 'None'.</msg>
<status status="PASS" starttime="20230119 16:36:57.222" endtime="20230119 16:36:58.375"/>
</kw>
<kw name="Maximize Browser Window" library="SeleniumLibrary">
<doc>Maximizes current browser window.</doc>
<status status="PASS" starttime="20230119 16:36:58.375" endtime="20230119 16:36:58.508"/>
</kw>
<status status="PASS" starttime="20230119 16:36:57.222" endtime="20230119 16:36:58.508"/>
</kw>
<kw name="Dado que o usuário esteja na página home page da Konia.com.br" library="konia_resources">
<kw name="Go To" library="SeleniumLibrary">
<arg>url=${URL}</arg>
<doc>Navigates the current browser window to the provided ``url``.</doc>
<msg timestamp="20230119 16:36:58.510" level="INFO">Opening url 'https://konia.com.br'</msg>
<status status="PASS" starttime="20230119 16:36:58.509" endtime="20230119 16:37:00.378"/>
</kw>
<kw name="Sleep" library="BuiltIn">
<arg>3s</arg>
<doc>Pauses the test executed for the given time.</doc>
<msg timestamp="20230119 16:37:03.379" level="INFO">Slept 3 seconds</msg>
<status status="PASS" starttime="20230119 16:37:00.378" endtime="20230119 16:37:03.379"/>
</kw>
<kw name="Capture Page Screenshot" library="SeleniumLibrary">
<doc>Takes a screenshot of the current page and embeds it into a log file.</doc>
<msg timestamp="20230119 16:37:03.661" level="INFO" html="true">&lt;/td&gt;&lt;/tr&gt;&lt;tr&gt;&lt;td colspan="3"&gt;&lt;a href="selenium-screenshot-3.png"&gt;&lt;img src="selenium-screenshot-3.png" width="800px"&gt;&lt;/a&gt;</msg>
<status status="PASS" starttime="20230119 16:37:03.379" endtime="20230119 16:37:03.662"/>
</kw>
<status status="PASS" starttime="20230119 16:36:58.509" endtime="20230119 16:37:03.662"/>
</kw>
<kw name="Quando ele clicar no menu &quot;Blog&quot;" library="konia_resources">
<kw name="Click Element" library="SeleniumLibrary">
<arg>locator=${MENU_BLOG}</arg>
<doc>Click the element identified by ``locator``.</doc>
<msg timestamp="20230119 16:37:03.663" level="INFO">Clicking element 'menu-item-218'.</msg>
<status status="PASS" starttime="20230119 16:37:03.663" endtime="20230119 16:37:04.860"/>
</kw>
<kw name="Sleep" library="BuiltIn">
<arg>3s</arg>
<doc>Pauses the test executed for the given time.</doc>
<msg timestamp="20230119 16:37:07.861" level="INFO">Slept 3 seconds</msg>
<status status="PASS" starttime="20230119 16:37:04.861" endtime="20230119 16:37:07.861"/>
</kw>
<status status="PASS" starttime="20230119 16:37:03.662" endtime="20230119 16:37:07.861"/>
</kw>
<kw name="E pesquisar por &quot;JMeter&quot; no campo de busca" library="konia_resources" sourcename="E pesquisar por &quot;${PESQUISA}&quot; no campo de busca">
<kw name="Input Text" library="SeleniumLibrary">
<arg>locator=${BLOG_INPUT_PESQUISAR}</arg>
<arg>text=${PESQUISA}</arg>
<doc>Types the given ``text`` into the text field identified by ``locator``.</doc>
<msg timestamp="20230119 16:37:07.863" level="INFO">Typing text 'JMeter' into text field '//input[@type='search'][contains(@id,'input-1')]'.</msg>
<status status="PASS" starttime="20230119 16:37:07.862" endtime="20230119 16:37:07.965"/>
</kw>
<kw name="Click Element" library="SeleniumLibrary">
<arg>locator=${BLOG_BOTAO_PESQUISAR}</arg>
<doc>Click the element identified by ``locator``.</doc>
<msg timestamp="20230119 16:37:07.965" level="INFO">Clicking element '//button[@type='submit'][contains(.,'Pesquisar')]'.</msg>
<status status="PASS" starttime="20230119 16:37:07.965" endtime="20230119 16:37:12.337"/>
</kw>
<kw name="Sleep" library="BuiltIn">
<arg>3s</arg>
<doc>Pauses the test executed for the given time.</doc>
<msg timestamp="20230119 16:37:15.338" level="INFO">Slept 3 seconds</msg>
<status status="PASS" starttime="20230119 16:37:12.338" endtime="20230119 16:37:15.338"/>
</kw>
<status status="PASS" starttime="20230119 16:37:07.862" endtime="20230119 16:37:15.338"/>
</kw>
<kw name="Então deverá ser exibido na tela a lista de artigos referentes ao tema buscado" library="konia_resources">
<kw name="Wait Until Page Contains Element" library="SeleniumLibrary">
<arg>locator=${VALIDACAO_ARTIGO}</arg>
<doc>Waits until the element ``locator`` appears on the current page.</doc>
<status status="PASS" starttime="20230119 16:37:15.339" endtime="20230119 16:37:15.355"/>
</kw>
<kw name="Sleep" library="BuiltIn">
<arg>3s</arg>
<doc>Pauses the test executed for the given time.</doc>
<msg timestamp="20230119 16:37:18.356" level="INFO">Slept 3 seconds</msg>
<status status="PASS" starttime="20230119 16:37:15.355" endtime="20230119 16:37:18.356"/>
</kw>
<status status="PASS" starttime="20230119 16:37:15.339" endtime="20230119 16:37:18.356"/>
</kw>
<kw name="Fechar o navegador" library="konia_resources" type="TEARDOWN">
<kw name="Capture Page Screenshot" library="SeleniumLibrary">
<doc>Takes a screenshot of the current page and embeds it into a log file.</doc>
<msg timestamp="20230119 16:37:18.699" level="INFO" html="true">&lt;/td&gt;&lt;/tr&gt;&lt;tr&gt;&lt;td colspan="3"&gt;&lt;a href="selenium-screenshot-4.png"&gt;&lt;img src="selenium-screenshot-4.png" width="800px"&gt;&lt;/a&gt;</msg>
<status status="PASS" starttime="20230119 16:37:18.357" endtime="20230119 16:37:18.699"/>
</kw>
<kw name="Close Browser" library="SeleniumLibrary">
<doc>Closes the current browser.</doc>
<status status="PASS" starttime="20230119 16:37:18.699" endtime="20230119 16:37:20.945"/>
</kw>
<status status="PASS" starttime="20230119 16:37:18.357" endtime="20230119 16:37:20.945"/>
</kw>
<tag>busca_artigos</tag>
<status status="PASS" starttime="20230119 16:36:57.221" endtime="20230119 16:37:20.946"/>
</test>
<status status="PASS" starttime="20230119 16:36:43.579" endtime="20230119 16:37:20.948"/>
</suite>
<statistics>
<total>
<stat pass="2" fail="0" skip="0">All Tests</stat>
</total>
<tag>
<stat pass="1" fail="0" skip="0">busca_artigos</stat>
<stat pass="1" fail="0" skip="0">menus</stat>
</tag>
<suite>
<stat pass="2" fail="0" skip="0" id="s1" name="Konia Testes">Konia Testes</stat>
</suite>
</statistics>
<errors>
</errors>
</robot>
